<?xml version="1.0" encoding="UTF-8"?>
<testng-results ignored="0" total="1" passed="1" failed="0" skipped="0">
  <reporter-output>
  </reporter-output>
  <suite started-at="2022-11-15T06:40:10 EST" name="Default suite" finished-at="2022-11-15T06:40:14 EST" duration-ms="3943">
    <groups>
    </groups>
    <test started-at="2022-11-15T06:40:10 EST" name="Default test" finished-at="2022-11-15T06:40:14 EST" duration-ms="3943">
      <class name="restAssuredRequestPayload.HTTPRequest">
        <test-method signature="getUsers()[pri:1, instance:restAssuredRequestPayload.HTTPRequest@1c5920df]" started-at="2022-11-15T06:40:11 EST" name="getUsers" finished-at="2022-11-15T06:40:14 EST" duration-ms="3812" status="PASS">
          <reporter-output>
          </reporter-output>
        </test-method> <!-- getUsers -->
      </class> <!-- restAssuredRequestPayload.HTTPRequest -->
    </test> <!-- Default test -->
  </suite> <!-- Default suite -->
</testng-results>
